2014-10-25 15:15:26,104 - Log4JLogChute initialized using file 'velocity.log'
2014-10-25 15:15:26,105 - Velocity was not initialized! Calling init()...
2014-10-25 15:15:26,105 - Starting Apache Velocity v1.5 (compiled: 2007-02-22 08:52:29)
2014-10-25 15:15:26,105 - Default Properties File: org/apache/velocity/runtime/defaults/velocity.properties
2014-10-25 15:15:26,105 - Trying to use logger class org.apache.velocity.runtime.log.AvalonLogChute
2014-10-25 15:15:26,107 - Couldn't find class org.apache.velocity.runtime.log.AvalonLogChute or necessary supporting classes in classpath.
java.lang.NoClassDefFoundError: org/apache/log/format/Formatter
	at java.lang.Class.forName0(Native Method)
	at java.lang.Class.forName(Class.java:270)
	at org.apache.velocity.util.ClassUtils.getClass(ClassUtils.java:63)
	at org.apache.velocity.util.ClassUtils.getNewInstance(ClassUtils.java:95)
	at org.apache.velocity.runtime.log.LogManager.createLogChute(LogManager.java:147)
	at org.apache.velocity.runtime.log.LogManager.updateLog(LogManager.java:208)
	at org.apache.velocity.runtime.RuntimeInstance.initializeLog(RuntimeInstance.java:728)
	at org.apache.velocity.runtime.RuntimeInstance.init(RuntimeInstance.java:240)
	at org.apache.velocity.runtime.RuntimeInstance.parse(RuntimeInstance.java:993)
	at org.apache.velocity.runtime.RuntimeInstance.parse(RuntimeInstance.java:972)
	at org.apache.velocity.runtime.RuntimeSingleton.parse(RuntimeSingleton.java:265)
	at org.apache.velocity.app.Velocity.evaluate(Velocity.java:274)
	at hello1.weather.WeatherFormatter.format(WeatherFormatter.java:18)
	at hello1.weather.Main.start(Main.java:27)
	at hello1.weather.Main.main(Main.java:15)
	at sun.reflect.NativeMethodAccessorImpl.invoke0(Native Method)
	at sun.reflect.NativeMethodAccessorImpl.invoke(NativeMethodAccessorImpl.java:57)
	at sun.reflect.DelegatingMethodAccessorImpl.invoke(DelegatingMethodAccessorImpl.java:43)
	at java.lang.reflect.Method.invoke(Method.java:606)
	at org.codehaus.mojo.exec.ExecJavaMojo$1.run(ExecJavaMojo.java:293)
	at java.lang.Thread.run(Thread.java:745)
Caused by: java.lang.ClassNotFoundException: org.apache.log.format.Formatter
	at java.net.URLClassLoader$1.run(URLClassLoader.java:366)
	at java.net.URLClassLoader$1.run(URLClassLoader.java:355)
	at java.security.AccessController.doPrivileged(Native Method)
	at java.net.URLClassLoader.findClass(URLClassLoader.java:354)
	at java.lang.ClassLoader.loadClass(ClassLoader.java:425)
	at java.lang.ClassLoader.loadClass(ClassLoader.java:358)
	... 21 more
2014-10-25 15:15:26,138 - Trying to use logger class org.apache.velocity.runtime.log.Log4JLogChute
2014-10-25 15:15:26,138 - Using logger class org.apache.velocity.runtime.log.Log4JLogChute
2014-10-25 15:15:26,143 - Default ResourceManager initializing. (class org.apache.velocity.runtime.resource.ResourceManagerImpl)
2014-10-25 15:15:26,160 - ResourceLoader instantiated: org.apache.velocity.runtime.resource.loader.FileResourceLoader
2014-10-25 15:15:26,161 - Do unicode file recognition:  false
2014-10-25 15:15:26,161 - FileResourceLoader : adding path '.'
2014-10-25 15:15:26,207 - ResourceCache: initialized (class org.apache.velocity.runtime.resource.ResourceCacheImpl)
2014-10-25 15:15:26,208 - Loaded System Directive: org.apache.velocity.runtime.directive.Literal
2014-10-25 15:15:26,209 - Loaded System Directive: org.apache.velocity.runtime.directive.Macro
2014-10-25 15:15:26,211 - Loaded System Directive: org.apache.velocity.runtime.directive.Parse
2014-10-25 15:15:26,212 - Loaded System Directive: org.apache.velocity.runtime.directive.Include
2014-10-25 15:15:26,212 - Loaded System Directive: org.apache.velocity.runtime.directive.Foreach
2014-10-25 15:15:26,241 - Created '20' parsers.
2014-10-25 15:15:26,255 - Velocimacro : "velocimacro.library" is not set.  Trying default library: VM_global_library.vm
2014-10-25 15:15:26,257 - Velocimacro : Default library not found.
2014-10-25 15:15:26,257 - Velocimacro : allowInline = true : VMs can be defined inline in templates
2014-10-25 15:15:26,257 - Velocimacro : allowInlineToOverride = false : VMs defined inline may NOT replace previous VM definitions
2014-10-25 15:15:26,257 - Velocimacro : allowInlineLocal = false : VMs defined inline will be global in scope if allowed.
2014-10-25 15:15:26,257 - Velocimacro : autoload off : VM system will not automatically reload global library macros
2014-10-25 15:46:39,047 - Log4JLogChute initialized using file 'velocity.log'
2014-10-25 15:46:39,063 - Velocity was not initialized! Calling init()...
2014-10-25 15:46:39,064 - Starting Apache Velocity v1.5 (compiled: 2007-02-22 08:52:29)
2014-10-25 15:46:39,064 - Default Properties File: org/apache/velocity/runtime/defaults/velocity.properties
2014-10-25 15:46:39,064 - Trying to use logger class org.apache.velocity.runtime.log.AvalonLogChute
2014-10-25 15:46:39,085 - Couldn't find class org.apache.velocity.runtime.log.AvalonLogChute or necessary supporting classes in classpath.
java.lang.NoClassDefFoundError: org/apache/log/format/Formatter
	at java.lang.Class.forName0(Native Method)
	at java.lang.Class.forName(Class.java:270)
	at org.apache.velocity.util.ClassUtils.getClass(ClassUtils.java:63)
	at org.apache.velocity.util.ClassUtils.getNewInstance(ClassUtils.java:95)
	at org.apache.velocity.runtime.log.LogManager.createLogChute(LogManager.java:147)
	at org.apache.velocity.runtime.log.LogManager.updateLog(LogManager.java:208)
	at org.apache.velocity.runtime.RuntimeInstance.initializeLog(RuntimeInstance.java:728)
	at org.apache.velocity.runtime.RuntimeInstance.init(RuntimeInstance.java:240)
	at org.apache.velocity.runtime.RuntimeInstance.parse(RuntimeInstance.java:993)
	at org.apache.velocity.runtime.RuntimeInstance.parse(RuntimeInstance.java:972)
	at org.apache.velocity.runtime.RuntimeSingleton.parse(RuntimeSingleton.java:265)
	at org.apache.velocity.app.Velocity.evaluate(Velocity.java:274)
	at hello1.weather.WeatherFormatter.format(WeatherFormatter.java:18)
	at hello1.weather.yahoo.WeatherFormatterTest.testFormat(WeatherFormatterTest.java:16)
	at sun.reflect.NativeMethodAccessorImpl.invoke0(Native Method)
	at sun.reflect.NativeMethodAccessorImpl.invoke(NativeMethodAccessorImpl.java:57)
	at sun.reflect.DelegatingMethodAccessorImpl.invoke(DelegatingMethodAccessorImpl.java:43)
	at java.lang.reflect.Method.invoke(Method.java:606)
	at junit.framework.TestCase.runTest(TestCase.java:154)
	at junit.framework.TestCase.runBare(TestCase.java:127)
	at junit.framework.TestResult$1.protect(TestResult.java:106)
	at junit.framework.TestResult.runProtected(TestResult.java:124)
	at junit.framework.TestResult.run(TestResult.java:109)
	at junit.framework.TestCase.run(TestCase.java:118)
	at junit.framework.TestSuite.runTest(TestSuite.java:208)
	at junit.framework.TestSuite.run(TestSuite.java:203)
	at sun.reflect.NativeMethodAccessorImpl.invoke0(Native Method)
	at sun.reflect.NativeMethodAccessorImpl.invoke(NativeMethodAccessorImpl.java:57)
	at sun.reflect.DelegatingMethodAccessorImpl.invoke(DelegatingMethodAccessorImpl.java:43)
	at java.lang.reflect.Method.invoke(Method.java:606)
	at org.apache.maven.surefire.junit.JUnitTestSet.execute(JUnitTestSet.java:96)
	at org.apache.maven.surefire.junit.JUnit3Provider.executeTestSet(JUnit3Provider.java:117)
	at org.apache.maven.surefire.junit.JUnit3Provider.invoke(JUnit3Provider.java:94)
	at sun.reflect.NativeMethodAccessorImpl.invoke0(Native Method)
	at sun.reflect.NativeMethodAccessorImpl.invoke(NativeMethodAccessorImpl.java:57)
	at sun.reflect.DelegatingMethodAccessorImpl.invoke(DelegatingMethodAccessorImpl.java:43)
	at java.lang.reflect.Method.invoke(Method.java:606)
	at org.apache.maven.surefire.util.ReflectionUtils.invokeMethodWithArray(ReflectionUtils.java:164)
	at org.apache.maven.surefire.booter.ProviderFactory$ProviderProxy.invoke(ProviderFactory.java:110)
	at org.apache.maven.surefire.booter.SurefireStarter.invokeProvider(SurefireStarter.java:175)
	at org.apache.maven.surefire.booter.SurefireStarter.runSuitesInProcessWhenForked(SurefireStarter.java:107)
	at org.apache.maven.surefire.booter.ForkedBooter.main(ForkedBooter.java:68)
Caused by: java.lang.ClassNotFoundException: org.apache.log.format.Formatter
	at java.net.URLClassLoader$1.run(URLClassLoader.java:366)
	at java.net.URLClassLoader$1.run(URLClassLoader.java:355)
	at java.security.AccessController.doPrivileged(Native Method)
	at java.net.URLClassLoader.findClass(URLClassLoader.java:354)
	at java.lang.ClassLoader.loadClass(ClassLoader.java:425)
	at sun.misc.Launcher$AppClassLoader.loadClass(Launcher.java:308)
	at java.lang.ClassLoader.loadClass(ClassLoader.java:358)
	... 42 more
2014-10-25 15:46:39,111 - Trying to use logger class org.apache.velocity.runtime.log.Log4JLogChute
2014-10-25 15:46:39,111 - Using logger class org.apache.velocity.runtime.log.Log4JLogChute
2014-10-25 15:46:39,116 - Default ResourceManager initializing. (class org.apache.velocity.runtime.resource.ResourceManagerImpl)
2014-10-25 15:46:39,133 - ResourceLoader instantiated: org.apache.velocity.runtime.resource.loader.FileResourceLoader
2014-10-25 15:46:39,136 - Do unicode file recognition:  false
2014-10-25 15:46:39,136 - FileResourceLoader : adding path '.'
2014-10-25 15:46:39,232 - ResourceCache: initialized (class org.apache.velocity.runtime.resource.ResourceCacheImpl)
2014-10-25 15:46:39,236 - Loaded System Directive: org.apache.velocity.runtime.directive.Literal
2014-10-25 15:46:39,243 - Loaded System Directive: org.apache.velocity.runtime.directive.Macro
2014-10-25 15:46:39,244 - Loaded System Directive: org.apache.velocity.runtime.directive.Parse
2014-10-25 15:46:39,246 - Loaded System Directive: org.apache.velocity.runtime.directive.Include
2014-10-25 15:46:39,253 - Loaded System Directive: org.apache.velocity.runtime.directive.Foreach
2014-10-25 15:46:39,320 - Created '20' parsers.
2014-10-25 15:46:39,331 - Velocimacro : "velocimacro.library" is not set.  Trying default library: VM_global_library.vm
2014-10-25 15:46:39,338 - Velocimacro : Default library not found.
2014-10-25 15:46:39,338 - Velocimacro : allowInline = true : VMs can be defined inline in templates
2014-10-25 15:46:39,338 - Velocimacro : allowInlineToOverride = false : VMs defined inline may NOT replace previous VM definitions
2014-10-25 15:46:39,338 - Velocimacro : allowInlineLocal = false : VMs defined inline will be global in scope if allowed.
2014-10-25 15:46:39,338 - Velocimacro : autoload off : VM system will not automatically reload global library macros
2014-10-25 15:52:52,659 - Log4JLogChute initialized using file 'velocity.log'
2014-10-25 15:52:52,659 - Velocity was not initialized! Calling init()...
2014-10-25 15:52:52,659 - Starting Apache Velocity v1.5 (compiled: 2007-02-22 08:52:29)
2014-10-25 15:52:52,659 - Default Properties File: org/apache/velocity/runtime/defaults/velocity.properties
2014-10-25 15:52:52,659 - Trying to use logger class org.apache.velocity.runtime.log.AvalonLogChute
2014-10-25 15:52:52,660 - Couldn't find class org.apache.velocity.runtime.log.AvalonLogChute or necessary supporting classes in classpath.
java.lang.NoClassDefFoundError: org/apache/log/format/Formatter
	at java.lang.Class.forName0(Native Method)
	at java.lang.Class.forName(Class.java:270)
	at org.apache.velocity.util.ClassUtils.getClass(ClassUtils.java:63)
	at org.apache.velocity.util.ClassUtils.getNewInstance(ClassUtils.java:95)
	at org.apache.velocity.runtime.log.LogManager.createLogChute(LogManager.java:147)
	at org.apache.velocity.runtime.log.LogManager.updateLog(LogManager.java:208)
	at org.apache.velocity.runtime.RuntimeInstance.initializeLog(RuntimeInstance.java:728)
	at org.apache.velocity.runtime.RuntimeInstance.init(RuntimeInstance.java:240)
	at org.apache.velocity.runtime.RuntimeInstance.parse(RuntimeInstance.java:993)
	at org.apache.velocity.runtime.RuntimeInstance.parse(RuntimeInstance.java:972)
	at org.apache.velocity.runtime.RuntimeSingleton.parse(RuntimeSingleton.java:265)
	at org.apache.velocity.app.Velocity.evaluate(Velocity.java:274)
	at hello1.weather.WeatherFormatter.format(WeatherFormatter.java:18)
	at hello1.weather.yahoo.WeatherFormatterTest.testFormat(WeatherFormatterTest.java:16)
	at sun.reflect.NativeMethodAccessorImpl.invoke0(Native Method)
	at sun.reflect.NativeMethodAccessorImpl.invoke(NativeMethodAccessorImpl.java:57)
	at sun.reflect.DelegatingMethodAccessorImpl.invoke(DelegatingMethodAccessorImpl.java:43)
	at java.lang.reflect.Method.invoke(Method.java:606)
	at junit.framework.TestCase.runTest(TestCase.java:154)
	at junit.framework.TestCase.runBare(TestCase.java:127)
	at junit.framework.TestResult$1.protect(TestResult.java:106)
	at junit.framework.TestResult.runProtected(TestResult.java:124)
	at junit.framework.TestResult.run(TestResult.java:109)
	at junit.framework.TestCase.run(TestCase.java:118)
	at junit.framework.TestSuite.runTest(TestSuite.java:208)
	at junit.framework.TestSuite.run(TestSuite.java:203)
	at sun.reflect.NativeMethodAccessorImpl.invoke0(Native Method)
	at sun.reflect.NativeMethodAccessorImpl.invoke(NativeMethodAccessorImpl.java:57)
	at sun.reflect.DelegatingMethodAccessorImpl.invoke(DelegatingMethodAccessorImpl.java:43)
	at java.lang.reflect.Method.invoke(Method.java:606)
	at org.apache.maven.surefire.junit.JUnitTestSet.execute(JUnitTestSet.java:96)
	at org.apache.maven.surefire.junit.JUnit3Provider.executeTestSet(JUnit3Provider.java:117)
	at org.apache.maven.surefire.junit.JUnit3Provider.invoke(JUnit3Provider.java:94)
	at sun.reflect.NativeMethodAccessorImpl.invoke0(Native Method)
	at sun.reflect.NativeMethodAccessorImpl.invoke(NativeMethodAccessorImpl.java:57)
	at sun.reflect.DelegatingMethodAccessorImpl.invoke(DelegatingMethodAccessorImpl.java:43)
	at java.lang.reflect.Method.invoke(Method.java:606)
	at org.apache.maven.surefire.util.ReflectionUtils.invokeMethodWithArray(ReflectionUtils.java:164)
	at org.apache.maven.surefire.booter.ProviderFactory$ProviderProxy.invoke(ProviderFactory.java:110)
	at org.apache.maven.surefire.booter.SurefireStarter.invokeProvider(SurefireStarter.java:175)
	at org.apache.maven.surefire.booter.SurefireStarter.runSuitesInProcessWhenForked(SurefireStarter.java:107)
	at org.apache.maven.surefire.booter.ForkedBooter.main(ForkedBooter.java:68)
Caused by: java.lang.ClassNotFoundException: org.apache.log.format.Formatter
	at java.net.URLClassLoader$1.run(URLClassLoader.java:366)
	at java.net.URLClassLoader$1.run(URLClassLoader.java:355)
	at java.security.AccessController.doPrivileged(Native Method)
	at java.net.URLClassLoader.findClass(URLClassLoader.java:354)
	at java.lang.ClassLoader.loadClass(ClassLoader.java:425)
	at sun.misc.Launcher$AppClassLoader.loadClass(Launcher.java:308)
	at java.lang.ClassLoader.loadClass(ClassLoader.java:358)
	... 42 more
2014-10-25 15:52:52,667 - Trying to use logger class org.apache.velocity.runtime.log.Log4JLogChute
2014-10-25 15:52:52,667 - Using logger class org.apache.velocity.runtime.log.Log4JLogChute
2014-10-25 15:52:52,671 - Default ResourceManager initializing. (class org.apache.velocity.runtime.resource.ResourceManagerImpl)
2014-10-25 15:52:52,683 - ResourceLoader instantiated: org.apache.velocity.runtime.resource.loader.FileResourceLoader
2014-10-25 15:52:52,685 - Do unicode file recognition:  false
2014-10-25 15:52:52,685 - FileResourceLoader : adding path '.'
2014-10-25 15:52:52,730 - ResourceCache: initialized (class org.apache.velocity.runtime.resource.ResourceCacheImpl)
2014-10-25 15:52:52,731 - Loaded System Directive: org.apache.velocity.runtime.directive.Literal
2014-10-25 15:52:52,739 - Loaded System Directive: org.apache.velocity.runtime.directive.Macro
2014-10-25 15:52:52,741 - Loaded System Directive: org.apache.velocity.runtime.directive.Parse
2014-10-25 15:52:52,743 - Loaded System Directive: org.apache.velocity.runtime.directive.Include
2014-10-25 15:52:52,743 - Loaded System Directive: org.apache.velocity.runtime.directive.Foreach
2014-10-25 15:52:52,792 - Created '20' parsers.
2014-10-25 15:52:52,797 - Velocimacro : "velocimacro.library" is not set.  Trying default library: VM_global_library.vm
2014-10-25 15:52:52,798 - Velocimacro : Default library not found.
2014-10-25 15:52:52,798 - Velocimacro : allowInline = true : VMs can be defined inline in templates
2014-10-25 15:52:52,798 - Velocimacro : allowInlineToOverride = false : VMs defined inline may NOT replace previous VM definitions
2014-10-25 15:52:52,798 - Velocimacro : allowInlineLocal = false : VMs defined inline will be global in scope if allowed.
2014-10-25 15:52:52,798 - Velocimacro : autoload off : VM system will not automatically reload global library macros
2014-10-25 15:59:51,689 - Log4JLogChute initialized using file 'velocity.log'
2014-10-25 15:59:51,690 - Velocity was not initialized! Calling init()...
2014-10-25 15:59:51,690 - Starting Apache Velocity v1.5 (compiled: 2007-02-22 08:52:29)
2014-10-25 15:59:51,690 - Default Properties File: org/apache/velocity/runtime/defaults/velocity.properties
2014-10-25 15:59:51,690 - Trying to use logger class org.apache.velocity.runtime.log.AvalonLogChute
2014-10-25 15:59:51,691 - Couldn't find class org.apache.velocity.runtime.log.AvalonLogChute or necessary supporting classes in classpath.
java.lang.NoClassDefFoundError: org/apache/log/format/Formatter
	at java.lang.Class.forName0(Native Method)
	at java.lang.Class.forName(Class.java:270)
	at org.apache.velocity.util.ClassUtils.getClass(ClassUtils.java:63)
	at org.apache.velocity.util.ClassUtils.getNewInstance(ClassUtils.java:95)
	at org.apache.velocity.runtime.log.LogManager.createLogChute(LogManager.java:147)
	at org.apache.velocity.runtime.log.LogManager.updateLog(LogManager.java:208)
	at org.apache.velocity.runtime.RuntimeInstance.initializeLog(RuntimeInstance.java:728)
	at org.apache.velocity.runtime.RuntimeInstance.init(RuntimeInstance.java:240)
	at org.apache.velocity.runtime.RuntimeInstance.parse(RuntimeInstance.java:993)
	at org.apache.velocity.runtime.RuntimeInstance.parse(RuntimeInstance.java:972)
	at org.apache.velocity.runtime.RuntimeSingleton.parse(RuntimeSingleton.java:265)
	at org.apache.velocity.app.Velocity.evaluate(Velocity.java:274)
	at hello1.weather.WeatherFormatter.format(WeatherFormatter.java:18)
	at hello1.weather.yahoo.WeatherFormatterTest.testFormat(WeatherFormatterTest.java:16)
	at sun.reflect.NativeMethodAccessorImpl.invoke0(Native Method)
	at sun.reflect.NativeMethodAccessorImpl.invoke(NativeMethodAccessorImpl.java:57)
	at sun.reflect.DelegatingMethodAccessorImpl.invoke(DelegatingMethodAccessorImpl.java:43)
	at java.lang.reflect.Method.invoke(Method.java:606)
	at junit.framework.TestCase.runTest(TestCase.java:154)
	at junit.framework.TestCase.runBare(TestCase.java:127)
	at junit.framework.TestResult$1.protect(TestResult.java:106)
	at junit.framework.TestResult.runProtected(TestResult.java:124)
	at junit.framework.TestResult.run(TestResult.java:109)
	at junit.framework.TestCase.run(TestCase.java:118)
	at junit.framework.TestSuite.runTest(TestSuite.java:208)
	at junit.framework.TestSuite.run(TestSuite.java:203)
	at sun.reflect.NativeMethodAccessorImpl.invoke0(Native Method)
	at sun.reflect.NativeMethodAccessorImpl.invoke(NativeMethodAccessorImpl.java:57)
	at sun.reflect.DelegatingMethodAccessorImpl.invoke(DelegatingMethodAccessorImpl.java:43)
	at java.lang.reflect.Method.invoke(Method.java:606)
	at org.apache.maven.surefire.junit.JUnitTestSet.execute(JUnitTestSet.java:96)
	at org.apache.maven.surefire.junit.JUnit3Provider.executeTestSet(JUnit3Provider.java:117)
	at org.apache.maven.surefire.junit.JUnit3Provider.invoke(JUnit3Provider.java:94)
	at sun.reflect.NativeMethodAccessorImpl.invoke0(Native Method)
	at sun.reflect.NativeMethodAccessorImpl.invoke(NativeMethodAccessorImpl.java:57)
	at sun.reflect.DelegatingMethodAccessorImpl.invoke(DelegatingMethodAccessorImpl.java:43)
	at java.lang.reflect.Method.invoke(Method.java:606)
	at org.apache.maven.surefire.util.ReflectionUtils.invokeMethodWithArray(ReflectionUtils.java:164)
	at org.apache.maven.surefire.booter.ProviderFactory$ProviderProxy.invoke(ProviderFactory.java:110)
	at org.apache.maven.surefire.booter.SurefireStarter.invokeProvider(SurefireStarter.java:175)
	at org.apache.maven.surefire.booter.SurefireStarter.runSuitesInProcessWhenForked(SurefireStarter.java:107)
	at org.apache.maven.surefire.booter.ForkedBooter.main(ForkedBooter.java:68)
Caused by: java.lang.ClassNotFoundException: org.apache.log.format.Formatter
	at java.net.URLClassLoader$1.run(URLClassLoader.java:366)
	at java.net.URLClassLoader$1.run(URLClassLoader.java:355)
	at java.security.AccessController.doPrivileged(Native Method)
	at java.net.URLClassLoader.findClass(URLClassLoader.java:354)
	at java.lang.ClassLoader.loadClass(ClassLoader.java:425)
	at sun.misc.Launcher$AppClassLoader.loadClass(Launcher.java:308)
	at java.lang.ClassLoader.loadClass(ClassLoader.java:358)
	... 42 more
2014-10-25 15:59:51,698 - Trying to use logger class org.apache.velocity.runtime.log.Log4JLogChute
2014-10-25 15:59:51,698 - Using logger class org.apache.velocity.runtime.log.Log4JLogChute
2014-10-25 15:59:51,701 - Default ResourceManager initializing. (class org.apache.velocity.runtime.resource.ResourceManagerImpl)
2014-10-25 15:59:51,728 - ResourceLoader instantiated: org.apache.velocity.runtime.resource.loader.FileResourceLoader
2014-10-25 15:59:51,729 - Do unicode file recognition:  false
2014-10-25 15:59:51,729 - FileResourceLoader : adding path '.'
2014-10-25 15:59:51,764 - ResourceCache: initialized (class org.apache.velocity.runtime.resource.ResourceCacheImpl)
2014-10-25 15:59:51,772 - Loaded System Directive: org.apache.velocity.runtime.directive.Literal
2014-10-25 15:59:51,774 - Loaded System Directive: org.apache.velocity.runtime.directive.Macro
2014-10-25 15:59:51,775 - Loaded System Directive: org.apache.velocity.runtime.directive.Parse
2014-10-25 15:59:51,777 - Loaded System Directive: org.apache.velocity.runtime.directive.Include
2014-10-25 15:59:51,777 - Loaded System Directive: org.apache.velocity.runtime.directive.Foreach
2014-10-25 15:59:51,830 - Created '20' parsers.
2014-10-25 15:59:51,845 - Velocimacro : "velocimacro.library" is not set.  Trying default library: VM_global_library.vm
2014-10-25 15:59:51,850 - Velocimacro : Default library not found.
2014-10-25 15:59:51,850 - Velocimacro : allowInline = true : VMs can be defined inline in templates
2014-10-25 15:59:51,850 - Velocimacro : allowInlineToOverride = false : VMs defined inline may NOT replace previous VM definitions
2014-10-25 15:59:51,850 - Velocimacro : allowInlineLocal = false : VMs defined inline will be global in scope if allowed.
2014-10-25 15:59:51,850 - Velocimacro : autoload off : VM system will not automatically reload global library macros
2014-10-25 16:02:40,120 - Log4JLogChute initialized using file 'velocity.log'
2014-10-25 16:02:40,120 - Velocity was not initialized! Calling init()...
2014-10-25 16:02:40,120 - Starting Apache Velocity v1.5 (compiled: 2007-02-22 08:52:29)
2014-10-25 16:02:40,120 - Default Properties File: org/apache/velocity/runtime/defaults/velocity.properties
2014-10-25 16:02:40,120 - Trying to use logger class org.apache.velocity.runtime.log.AvalonLogChute
2014-10-25 16:02:40,121 - Couldn't find class org.apache.velocity.runtime.log.AvalonLogChute or necessary supporting classes in classpath.
java.lang.NoClassDefFoundError: org/apache/log/format/Formatter
	at java.lang.Class.forName0(Native Method)
	at java.lang.Class.forName(Class.java:270)
	at org.apache.velocity.util.ClassUtils.getClass(ClassUtils.java:63)
	at org.apache.velocity.util.ClassUtils.getNewInstance(ClassUtils.java:95)
	at org.apache.velocity.runtime.log.LogManager.createLogChute(LogManager.java:147)
	at org.apache.velocity.runtime.log.LogManager.updateLog(LogManager.java:208)
	at org.apache.velocity.runtime.RuntimeInstance.initializeLog(RuntimeInstance.java:728)
	at org.apache.velocity.runtime.RuntimeInstance.init(RuntimeInstance.java:240)
	at org.apache.velocity.runtime.RuntimeInstance.parse(RuntimeInstance.java:993)
	at org.apache.velocity.runtime.RuntimeInstance.parse(RuntimeInstance.java:972)
	at org.apache.velocity.runtime.RuntimeSingleton.parse(RuntimeSingleton.java:265)
	at org.apache.velocity.app.Velocity.evaluate(Velocity.java:274)
	at hello1.weather.WeatherFormatter.format(WeatherFormatter.java:18)
	at hello1.weather.yahoo.WeatherFormatterTest.testFormat(WeatherFormatterTest.java:16)
	at sun.reflect.NativeMethodAccessorImpl.invoke0(Native Method)
	at sun.reflect.NativeMethodAccessorImpl.invoke(NativeMethodAccessorImpl.java:57)
	at sun.reflect.DelegatingMethodAccessorImpl.invoke(DelegatingMethodAccessorImpl.java:43)
	at java.lang.reflect.Method.invoke(Method.java:606)
	at junit.framework.TestCase.runTest(TestCase.java:154)
	at junit.framework.TestCase.runBare(TestCase.java:127)
	at junit.framework.TestResult$1.protect(TestResult.java:106)
	at junit.framework.TestResult.runProtected(TestResult.java:124)
	at junit.framework.TestResult.run(TestResult.java:109)
	at junit.framework.TestCase.run(TestCase.java:118)
	at junit.framework.TestSuite.runTest(TestSuite.java:208)
	at junit.framework.TestSuite.run(TestSuite.java:203)
	at sun.reflect.NativeMethodAccessorImpl.invoke0(Native Method)
	at sun.reflect.NativeMethodAccessorImpl.invoke(NativeMethodAccessorImpl.java:57)
	at sun.reflect.DelegatingMethodAccessorImpl.invoke(DelegatingMethodAccessorImpl.java:43)
	at java.lang.reflect.Method.invoke(Method.java:606)
	at org.apache.maven.surefire.junit.JUnitTestSet.execute(JUnitTestSet.java:96)
	at org.apache.maven.surefire.junit.JUnit3Provider.executeTestSet(JUnit3Provider.java:117)
	at org.apache.maven.surefire.junit.JUnit3Provider.invoke(JUnit3Provider.java:94)
	at sun.reflect.NativeMethodAccessorImpl.invoke0(Native Method)
	at sun.reflect.NativeMethodAccessorImpl.invoke(NativeMethodAccessorImpl.java:57)
	at sun.reflect.DelegatingMethodAccessorImpl.invoke(DelegatingMethodAccessorImpl.java:43)
	at java.lang.reflect.Method.invoke(Method.java:606)
	at org.apache.maven.surefire.util.ReflectionUtils.invokeMethodWithArray(ReflectionUtils.java:164)
	at org.apache.maven.surefire.booter.ProviderFactory$ProviderProxy.invoke(ProviderFactory.java:110)
	at org.apache.maven.surefire.booter.SurefireStarter.invokeProvider(SurefireStarter.java:175)
	at org.apache.maven.surefire.booter.SurefireStarter.runSuitesInProcessWhenForked(SurefireStarter.java:107)
	at org.apache.maven.surefire.booter.ForkedBooter.main(ForkedBooter.java:68)
Caused by: java.lang.ClassNotFoundException: org.apache.log.format.Formatter
	at java.net.URLClassLoader$1.run(URLClassLoader.java:366)
	at java.net.URLClassLoader$1.run(URLClassLoader.java:355)
	at java.security.AccessController.doPrivileged(Native Method)
	at java.net.URLClassLoader.findClass(URLClassLoader.java:354)
	at java.lang.ClassLoader.loadClass(ClassLoader.java:425)
	at sun.misc.Launcher$AppClassLoader.loadClass(Launcher.java:308)
	at java.lang.ClassLoader.loadClass(ClassLoader.java:358)
	... 42 more
2014-10-25 16:02:40,131 - Trying to use logger class org.apache.velocity.runtime.log.Log4JLogChute
2014-10-25 16:02:40,131 - Using logger class org.apache.velocity.runtime.log.Log4JLogChute
2014-10-25 16:02:40,133 - Default ResourceManager initializing. (class org.apache.velocity.runtime.resource.ResourceManagerImpl)
2014-10-25 16:02:40,141 - ResourceLoader instantiated: org.apache.velocity.runtime.resource.loader.FileResourceLoader
2014-10-25 16:02:40,142 - Do unicode file recognition:  false
2014-10-25 16:02:40,142 - FileResourceLoader : adding path '.'
2014-10-25 16:02:40,205 - ResourceCache: initialized (class org.apache.velocity.runtime.resource.ResourceCacheImpl)
2014-10-25 16:02:40,211 - Loaded System Directive: org.apache.velocity.runtime.directive.Literal
2014-10-25 16:02:40,212 - Loaded System Directive: org.apache.velocity.runtime.directive.Macro
2014-10-25 16:02:40,220 - Loaded System Directive: org.apache.velocity.runtime.directive.Parse
2014-10-25 16:02:40,221 - Loaded System Directive: org.apache.velocity.runtime.directive.Include
2014-10-25 16:02:40,222 - Loaded System Directive: org.apache.velocity.runtime.directive.Foreach
2014-10-25 16:02:40,277 - Created '20' parsers.
2014-10-25 16:02:40,291 - Velocimacro : "velocimacro.library" is not set.  Trying default library: VM_global_library.vm
2014-10-25 16:02:40,291 - Velocimacro : Default library not found.
2014-10-25 16:02:40,291 - Velocimacro : allowInline = true : VMs can be defined inline in templates
2014-10-25 16:02:40,291 - Velocimacro : allowInlineToOverride = false : VMs defined inline may NOT replace previous VM definitions
2014-10-25 16:02:40,291 - Velocimacro : allowInlineLocal = false : VMs defined inline will be global in scope if allowed.
2014-10-25 16:02:40,291 - Velocimacro : autoload off : VM system will not automatically reload global library macros
2014-10-25 17:05:42,822 - Log4JLogChute initialized using file 'velocity.log'
2014-10-25 17:05:42,859 - Velocity was not initialized! Calling init()...
2014-10-25 17:05:42,859 - Starting Apache Velocity v1.5 (compiled: 2007-02-22 08:52:29)
2014-10-25 17:05:42,859 - Default Properties File: org/apache/velocity/runtime/defaults/velocity.properties
2014-10-25 17:05:42,859 - Trying to use logger class org.apache.velocity.runtime.log.AvalonLogChute
2014-10-25 17:05:42,861 - Couldn't find class org.apache.velocity.runtime.log.AvalonLogChute or necessary supporting classes in classpath.
java.lang.NoClassDefFoundError: org/apache/log/format/Formatter
	at java.lang.Class.forName0(Native Method)
	at java.lang.Class.forName(Class.java:270)
	at org.apache.velocity.util.ClassUtils.getClass(ClassUtils.java:63)
	at org.apache.velocity.util.ClassUtils.getNewInstance(ClassUtils.java:95)
	at org.apache.velocity.runtime.log.LogManager.createLogChute(LogManager.java:147)
	at org.apache.velocity.runtime.log.LogManager.updateLog(LogManager.java:208)
	at org.apache.velocity.runtime.RuntimeInstance.initializeLog(RuntimeInstance.java:728)
	at org.apache.velocity.runtime.RuntimeInstance.init(RuntimeInstance.java:240)
	at org.apache.velocity.runtime.RuntimeInstance.parse(RuntimeInstance.java:993)
	at org.apache.velocity.runtime.RuntimeInstance.parse(RuntimeInstance.java:972)
	at org.apache.velocity.runtime.RuntimeSingleton.parse(RuntimeSingleton.java:265)
	at org.apache.velocity.app.Velocity.evaluate(Velocity.java:274)
	at hello1.weather.WeatherFormatter.format(WeatherFormatter.java:18)
	at hello1.weather.yahoo.WeatherFormatterTest.testFormat(WeatherFormatterTest.java:16)
	at sun.reflect.NativeMethodAccessorImpl.invoke0(Native Method)
	at sun.reflect.NativeMethodAccessorImpl.invoke(NativeMethodAccessorImpl.java:57)
	at sun.reflect.DelegatingMethodAccessorImpl.invoke(DelegatingMethodAccessorImpl.java:43)
	at java.lang.reflect.Method.invoke(Method.java:606)
	at junit.framework.TestCase.runTest(TestCase.java:154)
	at junit.framework.TestCase.runBare(TestCase.java:127)
	at junit.framework.TestResult$1.protect(TestResult.java:106)
	at junit.framework.TestResult.runProtected(TestResult.java:124)
	at junit.framework.TestResult.run(TestResult.java:109)
	at junit.framework.TestCase.run(TestCase.java:118)
	at junit.framework.TestSuite.runTest(TestSuite.java:208)
	at junit.framework.TestSuite.run(TestSuite.java:203)
	at sun.reflect.NativeMethodAccessorImpl.invoke0(Native Method)
	at sun.reflect.NativeMethodAccessorImpl.invoke(NativeMethodAccessorImpl.java:57)
	at sun.reflect.DelegatingMethodAccessorImpl.invoke(DelegatingMethodAccessorImpl.java:43)
	at java.lang.reflect.Method.invoke(Method.java:606)
	at org.apache.maven.surefire.junit.JUnitTestSet.execute(JUnitTestSet.java:96)
	at org.apache.maven.surefire.junit.JUnit3Provider.executeTestSet(JUnit3Provider.java:117)
	at org.apache.maven.surefire.junit.JUnit3Provider.invoke(JUnit3Provider.java:94)
	at sun.reflect.NativeMethodAccessorImpl.invoke0(Native Method)
	at sun.reflect.NativeMethodAccessorImpl.invoke(NativeMethodAccessorImpl.java:57)
	at sun.reflect.DelegatingMethodAccessorImpl.invoke(DelegatingMethodAccessorImpl.java:43)
	at java.lang.reflect.Method.invoke(Method.java:606)
	at org.apache.maven.surefire.util.ReflectionUtils.invokeMethodWithArray(ReflectionUtils.java:164)
	at org.apache.maven.surefire.booter.ProviderFactory$ProviderProxy.invoke(ProviderFactory.java:110)
	at org.apache.maven.surefire.booter.SurefireStarter.invokeProvider(SurefireStarter.java:175)
	at org.apache.maven.surefire.booter.SurefireStarter.runSuitesInProcessWhenForked(SurefireStarter.java:107)
	at org.apache.maven.surefire.booter.ForkedBooter.main(ForkedBooter.java:68)
Caused by: java.lang.ClassNotFoundException: org.apache.log.format.Formatter
	at java.net.URLClassLoader$1.run(URLClassLoader.java:366)
	at java.net.URLClassLoader$1.run(URLClassLoader.java:355)
	at java.security.AccessController.doPrivileged(Native Method)
	at java.net.URLClassLoader.findClass(URLClassLoader.java:354)
	at java.lang.ClassLoader.loadClass(ClassLoader.java:425)
	at sun.misc.Launcher$AppClassLoader.loadClass(Launcher.java:308)
	at java.lang.ClassLoader.loadClass(ClassLoader.java:358)
	... 42 more
2014-10-25 17:05:42,870 - Trying to use logger class org.apache.velocity.runtime.log.Log4JLogChute
2014-10-25 17:05:42,870 - Using logger class org.apache.velocity.runtime.log.Log4JLogChute
2014-10-25 17:05:42,878 - Default ResourceManager initializing. (class org.apache.velocity.runtime.resource.ResourceManagerImpl)
2014-10-25 17:05:42,894 - ResourceLoader instantiated: org.apache.velocity.runtime.resource.loader.FileResourceLoader
2014-10-25 17:05:42,895 - Do unicode file recognition:  false
2014-10-25 17:05:42,895 - FileResourceLoader : adding path '.'
2014-10-25 17:05:42,945 - ResourceCache: initialized (class org.apache.velocity.runtime.resource.ResourceCacheImpl)
2014-10-25 17:05:42,955 - Loaded System Directive: org.apache.velocity.runtime.directive.Literal
2014-10-25 17:05:42,958 - Loaded System Directive: org.apache.velocity.runtime.directive.Macro
2014-10-25 17:05:42,961 - Loaded System Directive: org.apache.velocity.runtime.directive.Parse
2014-10-25 17:05:42,969 - Loaded System Directive: org.apache.velocity.runtime.directive.Include
2014-10-25 17:05:42,970 - Loaded System Directive: org.apache.velocity.runtime.directive.Foreach
2014-10-25 17:05:43,025 - Created '20' parsers.
2014-10-25 17:05:43,032 - Velocimacro : "velocimacro.library" is not set.  Trying default library: VM_global_library.vm
2014-10-25 17:05:43,033 - Velocimacro : Default library not found.
2014-10-25 17:05:43,033 - Velocimacro : allowInline = true : VMs can be defined inline in templates
2014-10-25 17:05:43,033 - Velocimacro : allowInlineToOverride = false : VMs defined inline may NOT replace previous VM definitions
2014-10-25 17:05:43,033 - Velocimacro : allowInlineLocal = false : VMs defined inline will be global in scope if allowed.
2014-10-25 17:05:43,033 - Velocimacro : autoload off : VM system will not automatically reload global library macros
